<?xml version="1.0" encoding="UTF-8"?>
<!-- Generated by org.testng.reporters.JUnitReportReporter -->
<testsuite skipped="0" hostname="DESKTOP-K8QA0IJ" name="com.uiFramework.prive.slyaws.testScripts.LoginTest" tests="1" failures="0" timestamp="25 Oct 2018 14:52:52 GMT" time="60.510" errors="0">
  <testcase name="testLoginToApplication" time="60.510" classname="com.uiFramework.prive.slyaws.testScripts.LoginTest"/>
</testsuite> <!-- com.uiFramework.prive.slyaws.testScripts.LoginTest -->
