<?xml version="1.0" encoding="UTF-8"?>
<!-- Generated by org.testng.reporters.JUnitReportReporter -->
<testsuite skipped="0" hostname="DESKTOP-K8QA0IJ" name="com.uiFramework.a" tests="1" failures="0" timestamp="25 Sep 2018 15:27:44 GMT" time="0.020" errors="0">
  <testcase name="testLogin" time="0.020" classname="com.uiFramework.a"/>
</testsuite> <!-- com.uiFramework.a -->
