<?xml version="1.0" encoding="UTF-8"?>
<!-- Generated by org.testng.reporters.JUnitReportReporter -->
<testsuite skipped="0" hostname="DESKTOP-K8QA0IJ" name="com.uiFramework.prive.slyaws.testScripts.Test1" tests="4" failures="0" timestamp="11 Oct 2018 08:58:05 GMT" time="0.489" errors="0">
  <testcase name="testLogin3" time="0.047" classname="com.uiFramework.prive.slyaws.testScripts.Test1"/>
  <testcase name="testLogin1" time="0.337" classname="com.uiFramework.prive.slyaws.testScripts.Test1"/>
  <testcase name="testLogin2" time="0.060" classname="com.uiFramework.prive.slyaws.testScripts.Test1"/>
  <testcase name="testLogin4" time="0.045" classname="com.uiFramework.prive.slyaws.testScripts.Test1"/>
</testsuite> <!-- com.uiFramework.prive.slyaws.testScripts.Test1 -->
